\BOOKMARK [1][-]{section.1}{Introdu\347\343o}{}% 1
\BOOKMARK [1][-]{section.2}{Metodologia}{}% 2
\BOOKMARK [2][-]{subsection.2.1}{Componentes}{section.2}% 3
\BOOKMARK [3][-]{subsubsection.2.1.1}{Views}{subsection.2.1}% 4
\BOOKMARK [3][-]{subsubsection.2.1.2}{Controllers}{subsection.2.1}% 5
\BOOKMARK [3][-]{subsubsection.2.1.3}{Models}{subsection.2.1}% 6
\BOOKMARK [2][-]{subsection.2.2}{Op\347\365es similares}{section.2}% 7
\BOOKMARK [2][-]{subsection.2.3}{Avalia\347\343o e conjunto de dados}{section.2}% 8
\BOOKMARK [2][-]{subsection.2.4}{Complementa\347\343o}{section.2}% 9
\BOOKMARK [1][-]{appendix.A}{Prototipa\347\343o de Baixa Fidelidade}{}% 10
\BOOKMARK [2][-]{subsection.A.1}{Cen\341rio Textual}{appendix.A}% 11
\BOOKMARK [2][-]{subsection.A.2}{Proposta de logomarca}{appendix.A}% 12
\BOOKMARK [2][-]{subsection.A.3}{Tarefas realizadas pelos sistema}{appendix.A}% 13
\BOOKMARK [2][-]{subsection.A.4}{Storyboard}{appendix.A}% 14
\BOOKMARK [3][-]{subsubsection.A.4.1}{Vers\343o mobile}{subsection.A.4}% 15
\BOOKMARK [3][-]{subsubsection.A.4.2}{Vers\343o desktop}{subsection.A.4}% 16
\BOOKMARK [1][-]{appendix.B}{Prototipa\347\343o de m\351dia fidelidade}{}% 17
\BOOKMARK [2][-]{subsection.B.1}{Dificuldades e simplifica\347\365es na interface front-end}{appendix.B}% 18
\BOOKMARK [3][-]{subsubsection.B.1.1}{Dificuldades encontradas}{subsection.B.1}% 19
\BOOKMARK [3][-]{subsubsection.B.1.2}{Simplifica\347\365es}{subsection.B.1}% 20
\BOOKMARK [2][-]{subsection.B.2}{Video de demonstra\347\343o}{appendix.B}% 21
\BOOKMARK [3][-]{subsubsection.B.2.1}{Vers\343o Desktop}{subsection.B.2}% 22
\BOOKMARK [3][-]{subsubsection.B.2.2}{Vers\343o Mobile}{subsection.B.2}% 23
\BOOKMARK [2][-]{subsection.B.3}{Reposit\363rio do projeto}{appendix.B}% 24
